2020-08-05 11:08:19,478 : INFO : <Kiddo>: Hi Master!
2020-08-05 11:08:35,193 : INFO : <me>: who are you
2020-08-05 11:08:35,196 : INFO : <Kiddo>: I am Kiddo, your personal Assistant. I am here to make your life easier. You can command me to perform various tasks such as calculating sums or opening applications etcetra
2020-08-05 11:08:59,013 : INFO : <me>: ok
2020-08-05 11:09:08,735 : INFO : <me>: open microsoft excel app
2020-08-05 11:09:35,590 : INFO : <me>: take screenshot
2020-08-05 11:09:36,691 : INFO : <Kiddo>: Opening excel app
2020-08-05 11:09:41,756 : INFO : <Kiddo>: Application not available
2020-08-05 11:10:12,633 : INFO : <me>: ok
2020-08-05 11:10:14,251 : INFO : <me>: ok
2020-08-05 11:10:15,509 : INFO : <me>: ok
2020-08-05 11:10:17,555 : INFO : <me>: hi
2020-08-05 11:10:17,556 : INFO : <Kiddo>: yes Master! How can I help you
2020-08-05 11:11:16,987 : INFO : <me>: open microsoft excel app
2020-08-05 11:26:14,151 : INFO : <Kiddo>: Hi Master!
2020-08-05 11:26:22,210 : INFO : <me>: hi
2020-08-05 11:26:22,211 : INFO : <Kiddo>: hey
2020-08-05 11:26:33,255 : INFO : <me>: take screenshot
2020-08-05 11:26:43,223 : INFO : <me>: open microsoft excel app
2020-08-05 11:26:49,217 : INFO : <Kiddo>: Opening excel app
2020-08-05 11:26:54,315 : INFO : <Kiddo>: Application not available
2020-08-05 11:27:04,833 : INFO : <me>: who are you
2020-08-05 11:27:04,839 : INFO : <Kiddo>: I am Kiddo, your personal Assistant. I am here to make your life easier. You can command me to perform various tasks such as calculating sums or opening applications etcetra
2020-08-05 11:27:24,204 : INFO : <me>: take screenshot
2020-08-05 11:27:29,503 : INFO : <me>: plan
2020-08-05 11:27:35,888 : INFO : <me>: plan
2020-08-05 11:27:55,857 : INFO : <me>: plan
2020-08-05 11:28:17,173 : INFO : <me>: calculate 1 + 3
2020-08-05 11:28:22,029 : INFO : <Kiddo>: I don't understand, I can search the web for you, Do you want to continue?
2020-08-05 11:28:52,538 : INFO : <me>: play tamil song
2020-08-05 11:28:56,653 : INFO : <me>: take screenshot
2020-08-05 11:29:58,172 : INFO : <Kiddo>: Hi Master!
2020-08-05 11:30:08,405 : INFO : <me>: hey
2020-08-05 11:30:08,406 : INFO : <Kiddo>: hey
2020-08-05 11:30:17,382 : INFO : <me>: hi there
2020-08-05 11:30:17,382 : INFO : <Kiddo>: hi there
2020-08-05 11:30:35,247 : INFO : <me>: search tv
2020-08-05 11:30:40,543 : INFO : <Kiddo>: I don't understand, I can search the web for you, Do you want to continue?
2020-08-05 11:30:56,533 : INFO : <me>: play music
2020-08-05 11:32:07,555 : INFO : <Kiddo>: Hi Master!
2020-08-05 11:32:13,129 : INFO : <me>: play music
2020-08-05 11:32:24,520 : INFO : <me>: who are you
2020-08-05 11:32:24,522 : INFO : <Kiddo>: I am Kiddo, your personal Assistant. I am here to make your life easier. You can command me to perform various tasks such as calculating sums or opening applications etcetra
2020-08-10 16:00:38,529 : INFO : <Kiddo>: Hi Master!
2020-08-10 16:01:01,563 : INFO : <me>: hI
2020-08-10 16:01:01,563 : INFO : <Kiddo>: hello
2020-08-10 16:02:44,183 : INFO : <me>: take screenshot
2020-08-10 16:02:54,146 : INFO : <me>: who are you
2020-08-10 16:02:54,147 : INFO : <Kiddo>: I am Kiddo, your personal Assistant. I am here to make your life easier. You can command me to perform various tasks such as calculating sums or opening applications etcetra
2020-08-10 16:06:00,567 : INFO : <Kiddo>: Hi Master!
2020-08-10 16:06:07,247 : INFO : <me>: take screenshot
2020-08-10 16:06:12,012 : INFO : <me>: welcome
2020-08-10 16:06:15,904 : INFO : <me>: oi
2020-08-10 16:06:21,383 : INFO : <me>: are you there
2020-08-10 16:06:43,501 : INFO : <me>: today is holiday
2020-08-10 16:13:21,879 : INFO : <Kiddo>: Hi Master!
2020-08-10 16:13:28,408 : INFO : <me>: take screeshot
2020-08-10 16:13:36,343 : INFO : <me>: take screeshotn
2020-08-10 16:13:39,415 : INFO : <me>: take screenshotn
2020-08-10 16:14:00,678 : INFO : <Kiddo>: Hi Master!
2020-08-10 16:14:08,505 : INFO : <me>: take screenshot
2020-08-10 16:15:41,208 : INFO : <Kiddo>: Hi Master!
2020-08-10 16:15:46,232 : INFO : <me>: take screenshot
2020-08-10 16:16:02,042 : INFO : <Kiddo>: Hi Master!
2020-08-10 16:16:06,228 : INFO : <me>: take screenshot
2020-08-10 16:16:48,648 : INFO : <Kiddo>: Hi Master!
2020-08-10 16:16:54,990 : INFO : <me>: take screenshot
2020-08-10 16:18:21,905 : INFO : <Kiddo>: Hi Master!
2020-08-10 16:18:32,366 : INFO : <me>: take screenshot
2020-08-10 16:19:20,386 : INFO : <Kiddo>: Hi Master!
2020-10-11 07:43:56,804 : INFO : <Kiddo>: Hi Master!
2020-10-11 07:44:13,298 : INFO : <me>: hi kiddo
2020-10-11 07:44:13,298 : INFO : <Kiddo>: I am glad! You are talking to me
2020-10-11 07:44:33,132 : INFO : <me>: are you there
2020-10-11 07:44:39,679 : INFO : <me>: hi
2020-10-11 07:44:39,679 : INFO : <Kiddo>: yes Master! How can I help you
2020-10-11 07:44:46,868 : INFO : <me>: hi
2020-10-11 07:44:46,868 : INFO : <Kiddo>: hi
2020-10-11 07:44:56,851 : INFO : <me>: bye
2020-10-11 07:44:56,851 : INFO : <Kiddo>: Bye Master! Have a great day!
